<?xml version="1.0" encoding="UTF-8"?>
<testng-results ignored="0" total="1" passed="1" failed="0" skipped="0">
  <reporter-output>
  </reporter-output>
  <suite started-at="2025-05-15T08:10:52 IST" name="Default suite" finished-at="2025-05-15T08:11:03 IST" duration-ms="11690">
    <groups>
    </groups>
    <test started-at="2025-05-15T08:10:52 IST" name="Default test" finished-at="2025-05-15T08:11:03 IST" duration-ms="11690">
      <class name="githubActions.class1">
        <test-method signature="f1()[pri:0, instance:githubActions.class1@130161f7]" started-at="2025-05-15T08:10:52 IST" name="f1" finished-at="2025-05-15T08:11:03 IST" duration-ms="11648" status="PASS">
          <reporter-output>
          </reporter-output>
        </test-method> <!-- f1 -->
      </class> <!-- githubActions.class1 -->
    </test> <!-- Default test -->
  </suite> <!-- Default suite -->
</testng-results>
